# JRE version: OpenJDK Runtime Environment Zulu15.40+19-CA (15.0.7+4) (build 15.0.7+4-MTS)
# Java VM: OpenJDK 64-Bit Server VM Zulu15.40+19-CA (15.0.7+4-MTS, mixed mode, tiered, compressed oops, g1 gc, bsd-aarch64)
GC Precious Log:
 CPUs: 8 total, 8 available
 Memory: 8192M
 Large Page Support: Disabled
 NUMA Support: Disabled
 Compressed Oops: Enabled (Zero based)
 Heap Region Size: 1M
 Heap Min Capacity: 8M
 Heap Initial Capacity: 128M
 Heap Max Capacity: 1G
 Pre-touch: Disabled
 Parallel Workers: 8
 Concurrent Workers: 2
 Concurrent Refinement Workers: 8
 Periodic GC: Disabled
Heap:
 garbage-first heap   total 263168K, used 104637K [0x0000000780000000, 0x00000007c0000000)
  region size 1024K, 28 young (28672K), 1 survivors (1024K)
 Metaspace       used 16652K, capacity 16936K, committed 17408K, reserved 1064960K
  class space    used 2107K, capacity 2224K, committed 2304K, reserved 1048576K
GC Heap History (20 events):
Event: 2717.642 GC heap before
{Heap before GC invocations=19052 (full 226):
 garbage-first heap   total 263168K, used 96805K [0x0000000780000000, 0x00000007c0000000)
  region size 1024K, 20 young (20480K), 1 survivors (1024K)
 Metaspace       used 16639K, capacity 16936K, committed 17408K, reserved 1064960K
  class space    used 2105K, capacity 2224K, committed 2304K, reserved 1048576K
}
Event: 2717.717 GC heap after
{Heap after GC invocations=19053 (full 227):
 garbage-first heap   total 263168K, used 77947K [0x0000000780000000, 0x00000007c0000000)
  region size 1024K, 0 young (0K), 0 survivors (0K)
 Metaspace       used 16639K, capacity 16936K, committed 17408K, reserved 1064960K
  class space    used 2105K, capacity 2224K, committed 2304K, reserved 1048576K
}
Event: 2717.851 GC heap before
{Heap before GC invocations=19053 (full 227):
 garbage-first heap   total 263168K, used 77947K [0x0000000780000000, 0x00000007c0000000)
  region size 1024K, 1 young (1024K), 0 survivors (0K)
 Metaspace       used 16639K, capacity 16936K, committed 17408K, reserved 1064960K
  class space    used 2105K, capacity 2224K, committed 2304K, reserved 1048576K
}
Event: 2717.900 GC heap after
{Heap after GC invocations=19054 (full 228):
 garbage-first heap   total 263168K, used 77947K [0x0000000780000000, 0x00000007c0000000)
  region size 1024K, 0 young (0K), 0 survivors (0K)
 Metaspace       used 16639K, capacity 16936K, committed 17408K, reserved 1064960K
  class space    used 2105K, capacity 2224K, committed 2304K, reserved 1048576K
}
Event: 2718.590 GC heap before
{Heap before GC invocations=19054 (full 228):
 garbage-first heap   total 263168K, used 233595K [0x0000000780000000, 0x00000007c0000000)
  region size 1024K, 152 young (155648K), 0 survivors (0K)
 Metaspace       used 16639K, capacity 16936K, committed 17408K, reserved 1064960K
  class space    used 2105K, capacity 2224K, committed 2304K, reserved 1048576K
}
Event: 2718.592 GC heap after
{Heap after GC invocations=19055 (full 228):
 garbage-first heap   total 263168K, used 78056K [0x0000000780000000, 0x00000007c0000000)
  region size 1024K, 1 young (1024K), 1 survivors (1024K)
 Metaspace       used 16639K, capacity 16936K, committed 17408K, reserved 1064960K
  class space    used 2105K, capacity 2224K, committed 2304K, reserved 1048576K
}
Event: 2719.294 GC heap before
{Heap before GC invocations=19055 (full 228):
 garbage-first heap   total 263168K, used 232680K [0x0000000780000000, 0x00000007c0000000)
  region size 1024K, 152 young (155648K), 1 survivors (1024K)
 Metaspace       used 16639K, capacity 16936K, committed 17408K, reserved 1064960K
  class space    used 2105K, capacity 2224K, committed 2304K, reserved 1048576K
}
Event: 2719.296 GC heap after
{Heap after GC invocations=19056 (full 228):
 garbage-first heap   total 263168K, used 78017K [0x0000000780000000, 0x00000007c0000000)
  region size 1024K, 1 young (1024K), 1 survivors (1024K)
 Metaspace       used 16639K, capacity 16936K, committed 17408K, reserved 1064960K
  class space    used 2105K, capacity 2224K, committed 2304K, reserved 1048576K
}
Event: 2719.528 GC heap before
{Heap before GC invocations=19056 (full 228):
 garbage-first heap   total 263168K, used 81089K [0x0000000780000000, 0x00000007c0000000)
  region size 1024K, 5 young (5120K), 1 survivors (1024K)
 Metaspace       used 16639K, capacity 16936K, committed 17408K, reserved 1064960K
  class space    used 2105K, capacity 2224K, committed 2304K, reserved 1048576K
}
Event: 2719.608 GC heap after
{Heap after GC invocations=19057 (full 229):
 garbage-first heap   total 263168K, used 77946K [0x0000000780000000, 0x00000007c0000000)
  region size 1024K, 0 young (0K), 0 survivors (0K)
 Metaspace       used 16639K, capacity 16936K, committed 17408K, reserved 1064960K
  class space    used 2105K, capacity 2224K, committed 2304K, reserved 1048576K
}
Event: 2719.770 GC heap before
{Heap before GC invocations=19057 (full 229):
 garbage-first heap   total 263168K, used 77946K [0x0000000780000000, 0x00000007c0000000)
  region size 1024K, 1 young (1024K), 0 survivors (0K)
 Metaspace       used 16639K, capacity 16936K, committed 17408K, reserved 1064960K
  class space    used 2105K, capacity 2224K, committed 2304K, reserved 1048576K
}
Event: 2719.825 GC heap after
{Heap after GC invocations=19058 (full 230):
 garbage-first heap   total 263168K, used 77946K [0x0000000780000000, 0x00000007c0000000)
  region size 1024K, 0 young (0K), 0 survivors (0K)
 Metaspace       used 16639K, capacity 16936K, committed 17408K, reserved 1064960K
  class space    used 2105K, capacity 2224K, committed 2304K, reserved 1048576K
}
Event: 2720.097 GC heap before
{Heap before GC invocations=19058 (full 230):
 garbage-first heap   total 263168K, used 234618K [0x0000000780000000, 0x00000007c0000000)
  region size 1024K, 153 young (156672K), 0 survivors (0K)
 Metaspace       used 16639K, capacity 16936K, committed 17408K, reserved 1064960K
  class space    used 2105K, capacity 2224K, committed 2304K, reserved 1048576K
}
Event: 2720.098 GC heap after
{Heap after GC invocations=19059 (full 230):
 garbage-first heap   total 263168K, used 77977K [0x0000000780000000, 0x00000007c0000000)
  region size 1024K, 1 young (1024K), 1 survivors (1024K)
 Metaspace       used 16639K, capacity 16936K, committed 17408K, reserved 1064960K
  class space    used 2105K, capacity 2224K, committed 2304K, reserved 1048576K
}
Event: 2720.366 GC heap before
{Heap before GC invocations=19059 (full 230):
 garbage-first heap   total 263168K, used 233625K [0x0000000780000000, 0x00000007c0000000)
  region size 1024K, 153 young (156672K), 1 survivors (1024K)
 Metaspace       used 16639K, capacity 16936K, committed 17408K, reserved 1064960K
  class space    used 2105K, capacity 2224K, committed 2304K, reserved 1048576K
}
Event: 2720.366 GC heap after
{Heap after GC invocations=19060 (full 230):
 garbage-first heap   total 263168K, used 78171K [0x0000000780000000, 0x00000007c0000000)
  region size 1024K, 1 young (1024K), 1 survivors (1024K)
 Metaspace       used 16639K, capacity 16936K, committed 17408K, reserved 1064960K
  class space    used 2105K, capacity 2224K, committed 2304K, reserved 1048576K
}
Event: 2720.556 GC heap before
{Heap before GC invocations=19060 (full 230):
 garbage-first heap   total 263168K, used 233819K [0x0000000780000000, 0x00000007c0000000)
  region size 1024K, 153 young (156672K), 1 survivors (1024K)
 Metaspace       used 16639K, capacity 16936K, committed 17408K, reserved 1064960K
  class space    used 2105K, capacity 2224K, committed 2304K, reserved 1048576K
}
Event: 2720.556 GC heap after
{Heap after GC invocations=19061 (full 230):
 garbage-first heap   total 263168K, used 78249K [0x0000000780000000, 0x00000007c0000000)
  region size 1024K, 1 young (1024K), 1 survivors (1024K)
 Metaspace       used 16639K, capacity 16936K, committed 17408K, reserved 1064960K
  class space    used 2105K, capacity 2224K, committed 2304K, reserved 1048576K
}
Event: 2720.731 GC heap before
{Heap before GC invocations=19061 (full 230):
 garbage-first heap   total 263168K, used 233897K [0x0000000780000000, 0x00000007c0000000)
  region size 1024K, 153 young (156672K), 1 survivors (1024K)
 Metaspace       used 16639K, capacity 16936K, committed 17408K, reserved 1064960K
  class space    used 2105K, capacity 2224K, committed 2304K, reserved 1048576K
}
Event: 2720.731 GC heap after
{Heap after GC invocations=19062 (full 230):
 garbage-first heap   total 263168K, used 78013K [0x0000000780000000, 0x00000007c0000000)
  region size 1024K, 1 young (1024K), 1 survivors (1024K)
 Metaspace       used 16639K, capacity 16936K, committed 17408K, reserved 1064960K
  class space    used 2105K, capacity 2224K, committed 2304K, reserved 1048576K
}

